\BOOKMARK [0][-]{chapter.1}{Required Installations}{}% 1
\BOOKMARK [1][-]{section.1.1}{Python 2.7}{chapter.1}% 2
\BOOKMARK [1][-]{section.1.2}{PyGame \(and all its dependencies\)}{chapter.1}% 3
\BOOKMARK [0][-]{chapter.2}{Overview - How to use this Framework}{}% 4
\BOOKMARK [1][-]{section.2.1}{individual.py}{chapter.2}% 5
\BOOKMARK [1][-]{section.2.2}{population.py}{chapter.2}% 6
\BOOKMARK [1][-]{section.2.3}{fitness.py}{chapter.2}% 7
\BOOKMARK [1][-]{section.2.4}{selection.py}{chapter.2}% 8
\BOOKMARK [1][-]{section.2.5}{crossover.py}{chapter.2}% 9
\BOOKMARK [1][-]{section.2.6}{mutation.py}{chapter.2}% 10
\BOOKMARK [0][-]{chapter.3}{individual.py}{}% 11
\BOOKMARK [1][-]{section.3.1}{Class Variables}{chapter.3}% 12
\BOOKMARK [1][-]{section.3.2}{Instance variables}{chapter.3}% 13
\BOOKMARK [1][-]{section.3.3}{Methods}{chapter.3}% 14
\BOOKMARK [0][-]{chapter.4}{population.py}{}% 15
\BOOKMARK [1][-]{section.4.1}{genPop\(N, chromGenfuncs, chromGenParams\)}{chapter.4}% 16
\BOOKMARK [1][-]{section.4.2}{genCharsChrom\(l, chars\)}{chapter.4}% 17
\BOOKMARK [1][-]{section.4.3}{genTour\(numCities\)}{chapter.4}% 18
\BOOKMARK [0][-]{chapter.5}{fitness.py}{}% 19
\BOOKMARK [1][-]{section.5.1}{score\(p, scorefuncs, scorefuncparams, SCORES\)}{chapter.5}% 20
\BOOKMARK [1][-]{section.5.2}{scoreOnes\(p\)}{chapter.5}% 21
\BOOKMARK [1][-]{section.5.3}{scoreTSP\(tour, DIST\)}{chapter.5}% 22
\BOOKMARK [0][-]{chapter.6}{selection.py}{}% 23
\BOOKMARK [1][-]{section.6.1}{getRouletteWheel\(pop, SCORES\)}{chapter.6}% 24
\BOOKMARK [1][-]{section.6.2}{rouletteWheelSelect\(wheel, s=None\)}{chapter.6}% 25
\BOOKMARK [1][-]{section.6.3}{tournamentSelect\(pop, T, w, n, scorefunc, scoreparams\)}{chapter.6}% 26
\BOOKMARK [0][-]{chapter.7}{crossover.py}{}% 27
\BOOKMARK [1][-]{section.7.1}{crossOnes\(p1, p2, chrom\)}{chapter.7}% 28
\BOOKMARK [1][-]{section.7.2}{injectionco\(p1, p2, chrom\)}{chapter.7}% 29
\BOOKMARK [0][-]{chapter.8}{mutaion.py}{}% 30
\BOOKMARK [1][-]{section.8.1}{mutateSingleAllele\(p, chrom, chars\)}{chapter.8}% 31
\BOOKMARK [1][-]{section.8.2}{swapmut\(p, chrom\)}{chapter.8}% 32
\BOOKMARK [1][-]{section.8.3}{revmut\(p, chrom\)}{chapter.8}% 33
\BOOKMARK [1][-]{section.8.4}{shufflemut\(p, chrom\)}{chapter.8}% 34
\BOOKMARK [0][-]{chapter.9}{GA.py}{}% 35
\BOOKMARK [1][-]{section.9.1}{runTSPGA\(kwargs\)}{chapter.9}% 36
\BOOKMARK [1][-]{section.9.2}{runGA\(kwargs\)}{chapter.9}% 37
\BOOKMARK [0][-]{chapter.10}{settings.py}{}% 38
\BOOKMARK [1][-]{section.10.1}{Fields}{chapter.10}% 39
\BOOKMARK [0][-]{chapter.11}{visualization.py}{}% 40
\BOOKMARK [1][-]{section.11.1}{makeScreen\(W, H\)}{chapter.11}% 41
\BOOKMARK [1][-]{section.11.2}{normalize\(point, \(olow, ohigh\), \(low, high\)\)}{chapter.11}% 42
\BOOKMARK [1][-]{section.11.3}{draw\(tour, window, W, H, SCORES, COORDS\)}{chapter.11}% 43
\BOOKMARK [1][-]{section.11.4}{killscreen\(\)}{chapter.11}% 44
\BOOKMARK [0][-]{chapter.12}{Contracts}{}% 45
\BOOKMARK [1][-]{section.12.1}{GA.py}{chapter.12}% 46
\BOOKMARK [1][-]{section.12.2}{Individual.py}{chapter.12}% 47
\BOOKMARK [1][-]{section.12.3}{population.py}{chapter.12}% 48
\BOOKMARK [1][-]{section.12.4}{score.py}{chapter.12}% 49
\BOOKMARK [1][-]{section.12.5}{crossover.py}{chapter.12}% 50
\BOOKMARK [1][-]{section.12.6}{muatation.py}{chapter.12}% 51
\BOOKMARK [0][-]{chapter.13}{Indices and tables}{}% 52
\BOOKMARK [0][-]{section*.57}{Index}{}% 53
